Name of the selected graph: medical-ner-dl/blstm_100_200_128_100.pb
Training started - total epochs: 10 - lr: 0.003 - batch size: 8 - labels: 46 - chars: 84 - training examples: 39915


Epoch 1/10 started, lr: 0.003, dataset size: 39915


Epoch 1/10 - 227.24s - loss: 10317.247 - avg training loss: 2.5864244 - batches: 3989
Quality on validation dataset (20.0%), validation examples = 7983
time to finish evaluation: 33.61s
Total validation loss: 1587.8917	Avg validation loss: 1.5816
label	 tp	 fp	 fn	 prec	 rec	 f1
B-B-PROFESSION	 0	 0	 7	 0.0	 0.0	 0.0
B-I-NAME	 0	 0	 6	 0.0	 0.0	 0.0
B-I-STRENGTH	 48	 0	 8	 1.0	 0.85714287	 0.9230769
B-B-TREATMENT	 1327	 302	 453	 0.8146102	 0.74550563	 0.77852744
B-B-STRENGTH	 74	 3	 24	 0.96103895	 0.75510204	 0.84571433
B-B-NAME	 9	 0	 37	 1.0	 0.19565217	 0.32727274
B-I-PROBLEM	 1484	 201	 604	 0.88071215	 0.710728	 0.7866419
B-B-AGE	 53	 3	 21	 0.9464286	 0.7162162	 0.81538457
I-I-LOCATION	 4	 0	 11	 1.0	 0.26666668	 0.42105266
B-I-LOCATION	 8	 0	 13	 1.0	 0.3809524	 0.55172414
I-B-TEST	 0	 0	 1	 0.0	 0.0	 0.0
I-I-TEST	 301	 45	 163	 0.8699422	 0.6487069	 0.74320984
B-B-FORM	 17	 11	 11	 0.60714287	 0.60714287	 0.60714287
I-I-DRUG	 1	 1	 6	 0.5	 0.14285715	 0.22222224
I-I-DATE	 22	 24	 1	 0.47826087	 0.95652175	 0.6376812
I-I-NAME	 0	 0	 10	 0.0	 0.0	 0.0
B-I-DOSAGE	 0	 0	 28	 0.0	 0.0	 0.0
B-I-ROUTE	 0	 0	 2	 0.0	 0.0	 0.0
B-B-PROBLEM	 2318	 363	 590	 0.86460274	 0.7971114	 0.82948655
B-I-DRUG	 22	 17	 23	 0.5641026	 0.4888889	 0.5238095
B-I-PROFESSION	 0	 0	 4	 0.0	 0.0	 0.0
B-I-TEST	 388	 74	 154	 0.8398268	 0.71586716	 0.7729084
B-B-DRUG	 345	 49	 94	 0.8756345	 0.785877	 0.82833135
I-I-TREATMENT	 782	 131	 473	 0.85651696	 0.62310755	 0.7214022
B-B-ROUTE	 39	 3	 19	 0.9285714	 0.67241377	 0.7799999
I-I-FREQUENCY	 5	 0	 18	 1.0	 0.2173913	 0.35714287
B-I-DURATION	 0	 0	 9	 0.0	 0.0	 0.0
B-I-FREQUENCY	 5	 0	 15	 1.0	 0.25	 0.4
I-I-DURATION	 0	 0	 6	 0.0	 0.0	 0.0
B-B-TEST	 621	 127	 183	 0.8302139	 0.77238804	 0.8002577
B-B-DURATION	 0	 0	 11	 0.0	 0.0	 0.0
B-B-DATE	 77	 1	 64	 0.98717946	 0.5460993	 0.7031964
I-I-PROFESSION	 0	 0	 1	 0.0	 0.0	 0.0
I-B-PROBLEM	 0	 0	 1	 0.0	 0.0	 0.0
B-I-DATE	 13	 0	 13	 1.0	 0.5	 0.6666667
B-B-DOSAGE	 3	 3	 37	 0.5	 0.075	 0.1304348
B-B-LOCATION	 9	 1	 28	 0.9	 0.24324325	 0.38297874
I-I-PROBLEM	 2060	 610	 803	 0.7715356	 0.719525	 0.7446232
B-B-FREQUENCY	 48	 14	 15	 0.7741935	 0.7619048	 0.768
I-I-DOSAGE	 0	 0	 4	 0.0	 0.0	 0.0
B-B-ID	 0	 0	 3	 0.0	 0.0	 0.0
B-I-TREATMENT	 1036	 186	 347	 0.8477905	 0.74909616	 0.79539347
tp: 11119 fp: 2169 fn: 4321 labels: 42
Macro-average	 prec: 0.5618643, rec: 0.37859783, f1: 0.45237464
Micro-average	 prec: 0.83677, rec: 0.7201425, f1: 0.77408797
Quality on test dataset: 
time to finish evaluation: 38.45s
Total test loss: 1960.7002	Avg test loss: 1.6006
label	 tp	 fp	 fn	 prec	 rec	 f1
B-B-PROFESSION	 0	 0	 8	 0.0	 0.0	 0.0
B-I-NAME	 0	 0	 9	 0.0	 0.0	 0.0
B-I-STRENGTH	 56	 2	 6	 0.9655172	 0.9032258	 0.93333334
B-B-TREATMENT	 1644	 397	 589	 0.8054875	 0.7362293	 0.7693027
B-B-STRENGTH	 78	 5	 23	 0.939759	 0.77227724	 0.84782606
B-B-NAME	 10	 2	 49	 0.8333333	 0.16949153	 0.28169015
I-I-STRENGTH	 0	 0	 1	 0.0	 0.0	 0.0
B-I-PROBLEM	 1713	 249	 709	 0.87308866	 0.70726675	 0.7814781
B-B-AGE	 63	 2	 28	 0.9692308	 0.6923077	 0.80769235
I-I-LOCATION	 4	 0	 7	 1.0	 0.36363637	 0.53333336
B-I-LOCATION	 12	 1	 15	 0.9230769	 0.44444445	 0.59999996
I-B-TEST	 0	 0	 2	 0.0	 0.0	 0.0
I-I-TEST	 286	 56	 276	 0.83625734	 0.50889677	 0.6327434
B-B-FORM	 31	 11	 16	 0.7380952	 0.65957445	 0.69662917
I-I-DRUG	 1	 0	 7	 1.0	 0.125	 0.22222222
I-I-DATE	 14	 24	 0	 0.36842105	 1.0	 0.5384615
I-I-NAME	 0	 0	 5	 0.0	 0.0	 0.0
B-I-DOSAGE	 1	 0	 21	 1.0	 0.045454547	 0.08695653
B-B-PROBLEM	 2678	 394	 712	 0.8717448	 0.7899705	 0.8288456
B-I-DRUG	 29	 18	 26	 0.61702126	 0.5272727	 0.56862736
B-I-PROFESSION	 0	 0	 6	 0.0	 0.0	 0.0
B-I-TEST	 455	 88	 242	 0.8379374	 0.6527977	 0.73387104
B-B-DRUG	 434	 62	 123	 0.875	 0.77917415	 0.8243115
I-I-TREATMENT	 922	 213	 620	 0.8123348	 0.59792477	 0.6888308
B-B-ROUTE	 40	 2	 26	 0.95238096	 0.6060606	 0.7407407
B-I-AGE	 0	 0	 1	 0.0	 0.0	 0.0
I-I-FREQUENCY	 11	 4	 20	 0.73333335	 0.3548387	 0.47826084
B-I-DURATION	 0	 0	 12	 0.0	 0.0	 0.0
B-I-FREQUENCY	 13	 1	 17	 0.9285714	 0.43333334	 0.59090906
I-I-DURATION	 0	 0	 16	 0.0	 0.0	 0.0
B-B-TEST	 794	 171	 304	 0.82279795	 0.72313297	 0.76975286
B-B-DURATION	 0	 0	 11	 0.0	 0.0	 0.0
B-B-DATE	 85	 3	 55	 0.96590906	 0.60714287	 0.74561405
I-I-PROFESSION	 0	 0	 4	 0.0	 0.0	 0.0
B-I-DATE	 10	 0	 7	 1.0	 0.5882353	 0.7407407
B-B-DOSAGE	 7	 2	 33	 0.7777778	 0.175	 0.28571427
B-B-LOCATION	 14	 1	 35	 0.93333334	 0.2857143	 0.4375
I-I-PROBLEM	 2414	 691	 968	 0.7774557	 0.71377885	 0.7442577
B-B-FREQUENCY	 58	 14	 18	 0.8055556	 0.7631579	 0.78378385
I-I-DOSAGE	 0	 0	 2	 0.0	 0.0	 0.0
B-B-ID	 0	 0	 7	 0.0	 0.0	 0.0
B-B-CONTACT	 0	 0	 1	 0.0	 0.0	 0.0
B-I-TREATMENT	 1233	 260	 441	 0.825854	 0.73655915	 0.7786549
tp: 13110 fp: 2673 fn: 5478 labels: 43
Macro-average	 prec: 0.5764948, rec: 0.38283485, f1: 0.46011776
Micro-average	 prec: 0.83064055, rec: 0.7052937, f1: 0.76285243


Epoch 2/10 started, lr: 0.0029850747, dataset size: 39915


Epoch 2/10 - 227.47s - loss: 6140.428 - avg training loss: 1.5393403 - batches: 3989
Quality on validation dataset (20.0%), validation examples = 7983
time to finish evaluation: 31.38s
Total validation loss: 1400.8063	Avg validation loss: 1.3952
label	 tp	 fp	 fn	 prec	 rec	 f1
B-B-PROFESSION	 0	 0	 7	 0.0	 0.0	 0.0
B-I-NAME	 0	 0	 6	 0.0	 0.0	 0.0
B-I-STRENGTH	 52	 2	 4	 0.962963	 0.9285714	 0.94545454
B-B-TREATMENT	 1373	 275	 407	 0.8331311	 0.7713483	 0.8010502
B-B-STRENGTH	 88	 4	 10	 0.95652175	 0.8979592	 0.9263157
B-B-NAME	 19	 0	 27	 1.0	 0.41304347	 0.58461535
B-I-PROBLEM	 1634	 363	 454	 0.81822735	 0.782567	 0.8
B-B-AGE	 57	 6	 17	 0.9047619	 0.7702703	 0.83211684
I-I-LOCATION	 10	 1	 5	 0.90909094	 0.6666667	 0.7692308
B-I-LOCATION	 16	 5	 5	 0.7619048	 0.7619048	 0.7619048
I-B-TEST	 0	 0	 1	 0.0	 0.0	 0.0
I-I-TEST	 328	 72	 136	 0.82	 0.70689654	 0.7592593
B-B-FORM	 14	 6	 14	 0.7	 0.5	 0.5833333
I-I-DRUG	 2	 1	 5	 0.6666667	 0.2857143	 0.4
I-I-DATE	 22	 0	 1	 1.0	 0.95652175	 0.9777778
I-I-NAME	 0	 0	 10	 0.0	 0.0	 0.0
B-I-DOSAGE	 17	 5	 11	 0.77272725	 0.60714287	 0.68
B-I-ROUTE	 0	 0	 2	 0.0	 0.0	 0.0
B-B-PROBLEM	 2422	 534	 486	 0.8193505	 0.83287483	 0.8260573
B-I-DRUG	 33	 24	 12	 0.57894737	 0.73333335	 0.64705884
B-I-PROFESSION	 0	 0	 4	 0.0	 0.0	 0.0
B-I-TEST	 403	 72	 139	 0.84842104	 0.74354243	 0.79252696
B-B-DRUG	 343	 43	 96	 0.88860106	 0.78132117	 0.8315152
I-I-TREATMENT	 954	 418	 301	 0.69533527	 0.7601594	 0.7263038
B-B-ROUTE	 42	 4	 16	 0.9130435	 0.7241379	 0.8076923
I-I-FREQUENCY	 5	 2	 18	 0.71428573	 0.2173913	 0.3333333
B-I-DURATION	 0	 0	 9	 0.0	 0.0	 0.0
B-I-FREQUENCY	 13	 2	 7	 0.8666667	 0.65	 0.74285716
I-I-DURATION	 0	 0	 6	 0.0	 0.0	 0.0
B-B-TEST	 627	 109	 177	 0.8519022	 0.7798507	 0.8142857
B-B-DURATION	 0	 0	 11	 0.0	 0.0	 0.0
B-B-DATE	 133	 20	 8	 0.86928105	 0.9432624	 0.9047619
I-I-PROFESSION	 0	 0	 1	 0.0	 0.0	 0.0
I-B-PROBLEM	 0	 0	 1	 0.0	 0.0	 0.0
B-I-DATE	 21	 0	 5	 1.0	 0.8076923	 0.89361703
B-B-DOSAGE	 21	 5	 19	 0.8076923	 0.525	 0.6363636
B-B-LOCATION	 24	 15	 13	 0.61538464	 0.6486486	 0.6315789
I-I-PROBLEM	 2210	 629	 653	 0.7784431	 0.7719176	 0.77516663
B-B-FREQUENCY	 55	 4	 8	 0.9322034	 0.8730159	 0.9016394
I-I-DOSAGE	 2	 0	 2	 1.0	 0.5	 0.6666667
B-B-ID	 0	 0	 3	 0.0	 0.0	 0.0
B-I-TREATMENT	 1110	 297	 273	 0.7889126	 0.80260307	 0.79569894
tp: 12050 fp: 2918 fn: 3390 labels: 42
Macro-average	 prec: 0.597011, rec: 0.5034133, f1: 0.5462317
Micro-average	 prec: 0.8050508, rec: 0.7804404, f1: 0.7925546
Quality on test dataset: 
time to finish evaluation: 37.47s
Total test loss: 1746.8164	Avg test loss: 1.4260
label	 tp	 fp	 fn	 prec	 rec	 f1
B-B-PROFESSION	 0	 0	 8	 0.0	 0.0	 0.0
B-I-NAME	 0	 0	 9	 0.0	 0.0	 0.0
B-I-STRENGTH	 58	 5	 4	 0.9206349	 0.9354839	 0.92800003
B-B-TREATMENT	 1698	 350	 535	 0.82910156	 0.760412	 0.7932726
B-B-STRENGTH	 84	 6	 17	 0.93333334	 0.83168316	 0.8795811
B-B-NAME	 20	 2	 39	 0.90909094	 0.33898306	 0.49382713
I-I-STRENGTH	 0	 0	 1	 0.0	 0.0	 0.0
B-I-PROBLEM	 1887	 462	 535	 0.8033206	 0.77910817	 0.79102916
B-B-AGE	 71	 5	 20	 0.93421054	 0.7802198	 0.85029936
I-I-LOCATION	 7	 3	 4	 0.7	 0.6363636	 0.6666667
B-I-LOCATION	 19	 6	 8	 0.76	 0.7037037	 0.7307693
I-B-TEST	 0	 0	 2	 0.0	 0.0	 0.0
I-I-TEST	 353	 99	 209	 0.78097343	 0.62811387	 0.69625247
B-B-FORM	 25	 1	 22	 0.96153843	 0.5319149	 0.6849315
I-I-DRUG	 3	 2	 5	 0.6	 0.375	 0.46153846
I-I-DATE	 13	 0	 1	 1.0	 0.9285714	 0.9629629
I-I-NAME	 0	 0	 5	 0.0	 0.0	 0.0
B-I-DOSAGE	 9	 4	 13	 0.6923077	 0.4090909	 0.5142857
B-B-PROBLEM	 2824	 659	 566	 0.8107953	 0.83303833	 0.8217663
B-I-DRUG	 33	 21	 22	 0.6111111	 0.6	 0.60550463
B-I-PROFESSION	 0	 0	 6	 0.0	 0.0	 0.0
B-I-TEST	 499	 93	 198	 0.8429054	 0.7159254	 0.77424365
B-B-DRUG	 421	 43	 136	 0.9073276	 0.7558348	 0.82468164
I-I-TREATMENT	 1132	 521	 410	 0.68481547	 0.73411155	 0.70860726
B-B-ROUTE	 49	 4	 17	 0.9245283	 0.74242425	 0.8235294
B-I-AGE	 0	 0	 1	 0.0	 0.0	 0.0
I-I-FREQUENCY	 14	 3	 17	 0.8235294	 0.4516129	 0.5833333
B-I-DURATION	 0	 0	 12	 0.0	 0.0	 0.0
B-I-FREQUENCY	 22	 0	 8	 1.0	 0.73333335	 0.84615386
I-I-DURATION	 0	 0	 16	 0.0	 0.0	 0.0
B-B-TEST	 828	 127	 270	 0.8670157	 0.75409836	 0.80662453
B-B-DURATION	 0	 0	 11	 0.0	 0.0	 0.0
B-B-DATE	 135	 20	 5	 0.87096775	 0.96428573	 0.91525424
I-I-PROFESSION	 0	 0	 4	 0.0	 0.0	 0.0
B-I-DATE	 15	 1	 2	 0.9375	 0.88235295	 0.90909094
B-B-DOSAGE	 17	 5	 23	 0.77272725	 0.425	 0.54838717
B-B-LOCATION	 36	 18	 13	 0.6666667	 0.7346939	 0.69902915
I-I-PROBLEM	 2556	 826	 826	 0.7557658	 0.7557658	 0.7557658
B-B-FREQUENCY	 64	 1	 12	 0.9846154	 0.84210527	 0.9078014
I-I-DOSAGE	 1	 0	 1	 1.0	 0.5	 0.6666667
B-B-ID	 0	 0	 7	 0.0	 0.0	 0.0
B-B-CONTACT	 0	 0	 1	 0.0	 0.0	 0.0
B-I-TREATMENT	 1316	 384	 358	 0.77411765	 0.786141	 0.780083
tp: 14209 fp: 3671 fn: 4379 labels: 43
Macro-average	 prec: 0.58276516, rec: 0.4848691, f1: 0.5293289
Micro-average	 prec: 0.7946868, rec: 0.7644179, f1: 0.7792585


Epoch 3/10 started, lr: 0.0029702971, dataset size: 39915


Epoch 3/10 - 228.29s - loss: 5611.401 - avg training loss: 1.4067187 - batches: 3989
Quality on validation dataset (20.0%), validation examples = 7983
time to finish evaluation: 31.13s
Total validation loss: 1544.1637	Avg validation loss: 1.5380
label	 tp	 fp	 fn	 prec	 rec	 f1
B-B-PROFESSION	 0	 1	 7	 0.0	 0.0	 0.0
B-I-NAME	 0	 0	 6	 0.0	 0.0	 0.0
B-I-STRENGTH	 54	 7	 2	 0.8852459	 0.96428573	 0.9230769
B-B-TREATMENT	 1366	 279	 414	 0.83039516	 0.7674157	 0.7976642
B-B-STRENGTH	 78	 8	 20	 0.90697676	 0.79591835	 0.847826
B-B-NAME	 18	 1	 28	 0.94736844	 0.39130434	 0.5538462
B-I-PROBLEM	 1635	 421	 453	 0.7952335	 0.78304595	 0.78909266
B-B-AGE	 62	 14	 12	 0.81578946	 0.8378378	 0.82666665
I-I-LOCATION	 7	 2	 8	 0.7777778	 0.46666667	 0.5833333
B-I-LOCATION	 15	 16	 6	 0.48387095	 0.71428573	 0.5769231
I-B-TEST	 0	 0	 1	 0.0	 0.0	 0.0
I-I-TEST	 352	 99	 112	 0.7804878	 0.7586207	 0.76939887
B-B-FORM	 16	 6	 12	 0.72727275	 0.5714286	 0.64000005
I-I-DRUG	 1	 0	 6	 1.0	 0.14285715	 0.25
I-I-DATE	 22	 0	 1	 1.0	 0.95652175	 0.9777778
I-I-NAME	 0	 0	 10	 0.0	 0.0	 0.0
B-I-DOSAGE	 13	 4	 15	 0.7647059	 0.4642857	 0.57777774
B-I-ROUTE	 0	 0	 2	 0.0	 0.0	 0.0
B-B-PROBLEM	 2487	 708	 421	 0.77840376	 0.85522693	 0.815009
B-I-DRUG	 25	 7	 20	 0.78125	 0.5555556	 0.64935064
B-I-PROFESSION	 0	 1	 4	 0.0	 0.0	 0.0
B-I-TEST	 444	 152	 98	 0.74496645	 0.8191882	 0.78031635
B-B-DRUG	 340	 34	 99	 0.90909094	 0.7744875	 0.8364084
I-I-TREATMENT	 975	 573	 280	 0.62984496	 0.7768924	 0.6956832
B-B-ROUTE	 50	 18	 8	 0.7352941	 0.86206895	 0.7936508
I-I-FREQUENCY	 13	 18	 10	 0.41935483	 0.5652174	 0.48148146
B-I-DURATION	 3	 4	 6	 0.42857143	 0.33333334	 0.375
B-I-FREQUENCY	 16	 17	 4	 0.4848485	 0.8	 0.60377365
I-I-DURATION	 4	 8	 2	 0.33333334	 0.6666667	 0.44444448
B-B-TEST	 657	 150	 147	 0.8141264	 0.8171642	 0.8156425
B-B-DURATION	 3	 4	 8	 0.42857143	 0.27272728	 0.33333334
B-B-DATE	 125	 9	 16	 0.9328358	 0.8865248	 0.9090909
I-I-PROFESSION	 0	 0	 1	 0.0	 0.0	 0.0
I-B-PROBLEM	 0	 0	 1	 0.0	 0.0	 0.0
B-I-DATE	 21	 1	 5	 0.95454544	 0.8076923	 0.87499994
B-B-DOSAGE	 17	 5	 23	 0.77272725	 0.425	 0.54838717
B-B-LOCATION	 27	 21	 10	 0.5625	 0.7297297	 0.63529414
I-I-PROBLEM	 2506	 2220	 357	 0.5302581	 0.87530565	 0.66042954
B-B-FREQUENCY	 58	 22	 5	 0.725	 0.9206349	 0.8111888
I-I-DOSAGE	 2	 0	 2	 1.0	 0.5	 0.6666667
B-B-ID	 0	 0	 3	 0.0	 0.0	 0.0
B-I-TREATMENT	 1079	 289	 304	 0.78874266	 0.780188	 0.78444207
tp: 12491 fp: 5119 fn: 2949 labels: 42
Macro-average	 prec: 0.5826046, rec: 0.5390018, f1: 0.55995566
Micro-average	 prec: 0.7093129, rec: 0.8090026, f1: 0.755885
Quality on test dataset: 
time to finish evaluation: 37.73s
Total test loss: 1951.6729	Avg test loss: 1.5932
label	 tp	 fp	 fn	 prec	 rec	 f1
B-B-PROFESSION	 0	 0	 8	 0.0	 0.0	 0.0
B-I-NAME	 0	 0	 9	 0.0	 0.0	 0.0
B-I-STRENGTH	 58	 10	 4	 0.85294116	 0.9354839	 0.89230776
B-B-TREATMENT	 1678	 357	 555	 0.82457	 0.7514554	 0.7863167
B-B-STRENGTH	 73	 10	 28	 0.8795181	 0.7227723	 0.79347825
B-B-NAME	 21	 1	 38	 0.95454544	 0.3559322	 0.5185185
I-I-STRENGTH	 0	 0	 1	 0.0	 0.0	 0.0
B-I-PROBLEM	 1916	 501	 506	 0.79271823	 0.7910817	 0.7918991
B-B-AGE	 77	 13	 14	 0.85555553	 0.84615386	 0.8508287
I-I-LOCATION	 7	 5	 4	 0.5833333	 0.6363636	 0.60869557
B-I-LOCATION	 21	 10	 6	 0.67741936	 0.7777778	 0.724138
I-B-TEST	 0	 0	 2	 0.0	 0.0	 0.0
I-I-TEST	 370	 151	 192	 0.7101728	 0.658363	 0.6832872
B-B-FORM	 28	 2	 19	 0.93333334	 0.59574467	 0.72727275
I-I-DRUG	 3	 3	 5	 0.5	 0.375	 0.42857143
I-I-DATE	 13	 1	 1	 0.9285714	 0.9285714	 0.9285714
I-I-NAME	 0	 0	 5	 0.0	 0.0	 0.0
B-I-DOSAGE	 8	 4	 14	 0.6666667	 0.36363637	 0.47058827
B-B-PROBLEM	 2915	 868	 475	 0.77055246	 0.859882	 0.81277007
B-I-DRUG	 27	 5	 28	 0.84375	 0.4909091	 0.62068963
B-I-PROFESSION	 0	 0	 6	 0.0	 0.0	 0.0
B-I-TEST	 553	 182	 144	 0.75238097	 0.7934003	 0.7723464
B-B-DRUG	 430	 40	 127	 0.9148936	 0.7719928	 0.8373905
I-I-TREATMENT	 1166	 700	 376	 0.624866	 0.75616086	 0.6842723
B-B-ROUTE	 58	 14	 8	 0.8055556	 0.8787879	 0.84057975
B-I-AGE	 0	 0	 1	 0.0	 0.0	 0.0
I-I-FREQUENCY	 18	 9	 13	 0.6666667	 0.58064514	 0.62068963
B-I-DURATION	 3	 2	 9	 0.6	 0.25	 0.3529412
B-I-FREQUENCY	 25	 8	 5	 0.75757575	 0.8333333	 0.7936508
I-I-DURATION	 6	 2	 10	 0.75	 0.375	 0.5
B-B-TEST	 861	 176	 237	 0.83027965	 0.784153	 0.80655736
B-B-DURATION	 3	 2	 8	 0.6	 0.27272728	 0.37500003
B-B-DATE	 130	 13	 10	 0.90909094	 0.9285714	 0.91872793
I-I-PROFESSION	 0	 0	 4	 0.0	 0.0	 0.0
B-I-DATE	 15	 1	 2	 0.9375	 0.88235295	 0.90909094
B-B-DOSAGE	 13	 4	 27	 0.7647059	 0.325	 0.4561403
B-B-LOCATION	 43	 26	 6	 0.6231884	 0.877551	 0.7288136
I-I-PROBLEM	 2925	 2670	 457	 0.5227882	 0.8648729	 0.6516654
B-B-FREQUENCY	 71	 12	 5	 0.85542166	 0.93421054	 0.8930817
I-I-DOSAGE	 1	 0	 1	 1.0	 0.5	 0.6666667
B-B-ID	 0	 0	 7	 0.0	 0.0	 0.0
B-B-CONTACT	 0	 0	 1	 0.0	 0.0	 0.0
B-I-TREATMENT	 1278	 371	 396	 0.7750152	 0.76344085	 0.7691845
tp: 14814 fp: 6173 fn: 3774 labels: 43
Macro-average	 prec: 0.5921762, rec: 0.5223564, f1: 0.5550794
Micro-average	 prec: 0.70586556, rec: 0.7969658, f1: 0.7486545


Epoch 4/10 started, lr: 0.002955665, dataset size: 39915


Epoch 4/10 - 225.42s - loss: 5472.0933 - avg training loss: 1.3717958 - batches: 3989
Quality on validation dataset (20.0%), validation examples = 7983
time to finish evaluation: 31.80s
Total validation loss: 1350.8624	Avg validation loss: 1.3455
label	 tp	 fp	 fn	 prec	 rec	 f1
B-B-PROFESSION	 2	 4	 5	 0.33333334	 0.2857143	 0.30769232
B-I-NAME	 0	 1	 6	 0.0	 0.0	 0.0
B-I-STRENGTH	 53	 1	 3	 0.9814815	 0.9464286	 0.9636364
B-B-TREATMENT	 1412	 324	 368	 0.813364	 0.7932584	 0.80318546
B-B-STRENGTH	 88	 4	 10	 0.95652175	 0.8979592	 0.9263157
B-B-NAME	 25	 3	 21	 0.89285713	 0.54347825	 0.6756757
B-I-PROBLEM	 1693	 430	 395	 0.79745644	 0.81082374	 0.80408454
B-B-AGE	 59	 5	 15	 0.921875	 0.7972973	 0.85507244
I-I-LOCATION	 10	 3	 5	 0.7692308	 0.6666667	 0.71428573
B-I-LOCATION	 15	 11	 6	 0.5769231	 0.71428573	 0.6382979
I-B-TEST	 0	 0	 1	 0.0	 0.0	 0.0
I-I-TEST	 352	 78	 112	 0.81860465	 0.7586207	 0.78747207
B-B-FORM	 20	 7	 8	 0.7407407	 0.71428573	 0.72727275
I-I-DRUG	 2	 0	 5	 1.0	 0.2857143	 0.44444448
I-I-DATE	 22	 8	 1	 0.73333335	 0.95652175	 0.8301887
I-I-NAME	 0	 1	 10	 0.0	 0.0	 0.0
B-I-DOSAGE	 18	 3	 10	 0.85714287	 0.64285713	 0.7346938
B-I-ROUTE	 0	 0	 2	 0.0	 0.0	 0.0
B-B-PROBLEM	 2422	 522	 486	 0.8226902	 0.83287483	 0.82775116
B-I-DRUG	 26	 8	 19	 0.7647059	 0.5777778	 0.65822786
B-I-PROFESSION	 2	 4	 2	 0.33333334	 0.5	 0.4
B-I-TEST	 415	 100	 127	 0.80582523	 0.76568264	 0.7852412
B-B-DRUG	 365	 39	 74	 0.90346533	 0.8314351	 0.8659549
I-I-TREATMENT	 938	 362	 317	 0.7215385	 0.74741036	 0.7342466
B-B-ROUTE	 42	 3	 16	 0.93333334	 0.7241379	 0.81553406
I-I-FREQUENCY	 11	 2	 12	 0.84615386	 0.47826087	 0.6111111
B-I-DURATION	 2	 6	 7	 0.25	 0.22222222	 0.23529413
B-I-FREQUENCY	 17	 3	 3	 0.85	 0.85	 0.85
I-I-DURATION	 3	 16	 3	 0.15789473	 0.5	 0.24
B-B-TEST	 657	 153	 147	 0.8111111	 0.8171642	 0.8141264
B-B-DURATION	 2	 6	 9	 0.25	 0.18181819	 0.21052632
B-B-DATE	 128	 9	 13	 0.93430656	 0.9078014	 0.9208633
I-I-PROFESSION	 0	 0	 1	 0.0	 0.0	 0.0
I-B-PROBLEM	 0	 0	 1	 0.0	 0.0	 0.0
B-I-DATE	 22	 3	 4	 0.88	 0.84615386	 0.8627451
B-B-DOSAGE	 23	 4	 17	 0.8518519	 0.575	 0.6865672
B-B-LOCATION	 25	 17	 12	 0.5952381	 0.6756757	 0.6329114
I-I-PROBLEM	 2261	 822	 602	 0.73337656	 0.789731	 0.7605113
B-B-FREQUENCY	 59	 13	 4	 0.8194444	 0.93650794	 0.87407404
I-I-DOSAGE	 2	 0	 2	 1.0	 0.5	 0.6666667
B-B-ID	 0	 0	 3	 0.0	 0.0	 0.0
B-I-TREATMENT	 1110	 264	 273	 0.80786026	 0.80260307	 0.80522305
tp: 12303 fp: 3239 fn: 3137 labels: 42
Macro-average	 prec: 0.625357, rec: 0.5684802, f1: 0.5955637
Micro-average	 prec: 0.79159695, rec: 0.7968264, f1: 0.7942031
Quality on test dataset: 
time to finish evaluation: 37.07s
Total test loss: 1681.7153	Avg test loss: 1.3728
label	 tp	 fp	 fn	 prec	 rec	 f1
B-B-PROFESSION	 1	 8	 7	 0.11111111	 0.125	 0.11764707
B-I-NAME	 0	 0	 9	 0.0	 0.0	 0.0
B-I-STRENGTH	 58	 3	 4	 0.9508197	 0.9354839	 0.9430894
B-B-TREATMENT	 1741	 395	 492	 0.8150749	 0.7796686	 0.7969788
B-B-STRENGTH	 84	 11	 17	 0.8842105	 0.83168316	 0.85714287
B-B-NAME	 35	 4	 24	 0.8974359	 0.59322035	 0.71428573
I-I-STRENGTH	 0	 0	 1	 0.0	 0.0	 0.0
B-I-PROBLEM	 1948	 501	 474	 0.7954267	 0.804294	 0.79983574
B-B-AGE	 74	 2	 17	 0.9736842	 0.8131868	 0.88622755
I-I-LOCATION	 7	 7	 4	 0.5	 0.6363636	 0.56
B-I-LOCATION	 20	 10	 7	 0.6666667	 0.7407407	 0.7017544
I-B-TEST	 0	 0	 2	 0.0	 0.0	 0.0
I-I-TEST	 366	 132	 196	 0.73493975	 0.65124553	 0.690566
B-B-FORM	 30	 4	 17	 0.88235295	 0.63829786	 0.7407407
I-I-DRUG	 3	 0	 5	 1.0	 0.375	 0.54545456
I-I-DATE	 13	 5	 1	 0.7222222	 0.9285714	 0.8125
I-I-NAME	 0	 0	 5	 0.0	 0.0	 0.0
B-I-DOSAGE	 12	 5	 10	 0.7058824	 0.54545456	 0.61538464
B-B-PROBLEM	 2818	 694	 572	 0.8023918	 0.8312684	 0.8165749
B-I-DRUG	 32	 10	 23	 0.7619048	 0.58181816	 0.6597938
B-I-PROFESSION	 1	 8	 5	 0.11111111	 0.16666667	 0.13333333
B-I-TEST	 516	 111	 181	 0.8229665	 0.7403156	 0.7794562
B-B-DRUG	 455	 57	 102	 0.8886719	 0.8168761	 0.8512628
I-I-TREATMENT	 1152	 463	 390	 0.7133127	 0.7470817	 0.7298067
B-B-ROUTE	 51	 4	 15	 0.92727274	 0.77272725	 0.84297514
B-I-AGE	 0	 0	 1	 0.0	 0.0	 0.0
I-I-FREQUENCY	 18	 2	 13	 0.9	 0.58064514	 0.7058823
B-I-DURATION	 5	 3	 7	 0.625	 0.41666666	 0.5
B-I-FREQUENCY	 25	 5	 5	 0.8333333	 0.8333333	 0.8333333
I-I-DURATION	 12	 7	 4	 0.6315789	 0.75	 0.68571424
B-B-TEST	 864	 188	 234	 0.82129276	 0.78688526	 0.80372095
B-B-DURATION	 4	 3	 7	 0.5714286	 0.36363637	 0.44444445
B-B-DATE	 126	 14	 14	 0.9	 0.9	 0.9
I-I-PROFESSION	 0	 0	 4	 0.0	 0.0	 0.0
B-I-DATE	 15	 9	 2	 0.625	 0.88235295	 0.7317073
B-B-DOSAGE	 21	 5	 19	 0.8076923	 0.525	 0.6363636
B-B-LOCATION	 40	 17	 9	 0.7017544	 0.81632656	 0.75471693
I-I-PROBLEM	 2609	 1084	 773	 0.7064717	 0.77143705	 0.7375265
B-B-FREQUENCY	 70	 9	 6	 0.886076	 0.92105263	 0.9032258
I-I-DOSAGE	 2	 0	 0	 1.0	 1.0	 1.0
B-B-ID	 0	 0	 7	 0.0	 0.0	 0.0
B-B-CONTACT	 0	 0	 1	 0.0	 0.0	 0.0
B-I-TREATMENT	 1321	 345	 353	 0.7929172	 0.7891278	 0.7910179
tp: 14549 fp: 4125 fn: 4039 labels: 43
Macro-average	 prec: 0.61558145, rec: 0.5672425, f1: 0.5904243
Micro-average	 prec: 0.77910465, rec: 0.7827093, f1: 0.7809028


Epoch 5/10 started, lr: 0.0029411765, dataset size: 39915


Epoch 5/10 - 225.16s - loss: 5383.3604 - avg training loss: 1.3495513 - batches: 3989
Quality on validation dataset (20.0%), validation examples = 7983
time to finish evaluation: 30.98s
Total validation loss: 1346.0863	Avg validation loss: 1.3407
label	 tp	 fp	 fn	 prec	 rec	 f1
B-B-PROFESSION	 0	 0	 7	 0.0	 0.0	 0.0
B-I-NAME	 1	 0	 5	 1.0	 0.16666667	 0.2857143
B-I-STRENGTH	 52	 1	 4	 0.9811321	 0.9285714	 0.95412844
B-B-TREATMENT	 1409	 261	 371	 0.84371257	 0.79157305	 0.8168116
B-B-STRENGTH	 82	 2	 16	 0.97619045	 0.8367347	 0.90109897
B-B-NAME	 29	 5	 17	 0.85294116	 0.6304348	 0.72499996
B-I-PROBLEM	 1647	 298	 441	 0.8467866	 0.7887931	 0.8167617
B-B-AGE	 54	 1	 20	 0.9818182	 0.7297297	 0.8372093
I-I-LOCATION	 9	 0	 6	 1.0	 0.6	 0.75
B-I-LOCATION	 13	 1	 8	 0.9285714	 0.61904764	 0.7428571
I-B-TEST	 0	 0	 1	 0.0	 0.0	 0.0
I-I-TEST	 331	 43	 133	 0.88502675	 0.7133621	 0.7899761
B-B-FORM	 20	 17	 8	 0.5405405	 0.71428573	 0.6153846
I-I-DRUG	 1	 1	 6	 0.5	 0.14285715	 0.22222224
I-I-DATE	 22	 7	 1	 0.7586207	 0.95652175	 0.84615386
I-I-NAME	 0	 0	 10	 0.0	 0.0	 0.0
B-I-DOSAGE	 17	 7	 11	 0.7083333	 0.60714287	 0.65384614
B-I-ROUTE	 0	 0	 2	 0.0	 0.0	 0.0
B-B-PROBLEM	 2472	 527	 436	 0.8242748	 0.85006875	 0.836973
B-I-DRUG	 29	 21	 16	 0.58	 0.64444447	 0.6105263
B-I-PROFESSION	 0	 0	 4	 0.0	 0.0	 0.0
B-I-TEST	 400	 62	 142	 0.86580086	 0.73800737	 0.7968128
B-B-DRUG	 397	 109	 42	 0.784585	 0.904328	 0.84021163
I-I-TREATMENT	 955	 313	 300	 0.7531546	 0.76095617	 0.75703526
B-B-ROUTE	 44	 6	 14	 0.88	 0.7586207	 0.81481487
I-I-FREQUENCY	 11	 10	 12	 0.52380955	 0.47826087	 0.5
B-I-DURATION	 1	 2	 8	 0.33333334	 0.11111111	 0.16666667
B-I-FREQUENCY	 16	 9	 4	 0.64	 0.8	 0.7111111
I-I-DURATION	 2	 6	 4	 0.25	 0.33333334	 0.28571427
B-B-TEST	 651	 128	 153	 0.8356868	 0.8097015	 0.8224889
B-B-DURATION	 1	 2	 10	 0.33333334	 0.09090909	 0.14285715
B-B-DATE	 128	 8	 13	 0.9411765	 0.9078014	 0.9241877
I-I-PROFESSION	 0	 0	 1	 0.0	 0.0	 0.0
I-B-PROBLEM	 0	 0	 1	 0.0	 0.0	 0.0
B-I-DATE	 21	 2	 5	 0.9130435	 0.8076923	 0.8571428
B-B-DOSAGE	 22	 10	 18	 0.6875	 0.55	 0.61111116
B-B-LOCATION	 18	 3	 19	 0.85714287	 0.4864865	 0.6206897
I-I-PROBLEM	 1998	 238	 865	 0.89355993	 0.69786936	 0.78368306
B-B-FREQUENCY	 58	 13	 5	 0.8169014	 0.9206349	 0.86567163
I-I-DOSAGE	 2	 0	 2	 1.0	 0.5	 0.6666667
B-B-ID	 0	 0	 3	 0.0	 0.0	 0.0
B-I-TREATMENT	 1087	 196	 296	 0.84723306	 0.78597254	 0.8154538
tp: 12000 fp: 2309 fn: 3440 labels: 42
Macro-average	 prec: 0.62771934, rec: 0.5276647, f1: 0.5733598
Micro-average	 prec: 0.838633, rec: 0.77720207, f1: 0.80674976
Quality on test dataset: 
time to finish evaluation: 38.49s
Total test loss: 1636.5400	Avg test loss: 1.3360
label	 tp	 fp	 fn	 prec	 rec	 f1
B-B-PROFESSION	 1	 1	 7	 0.5	 0.125	 0.2
B-I-NAME	 0	 0	 9	 0.0	 0.0	 0.0
B-I-STRENGTH	 57	 4	 5	 0.93442625	 0.91935486	 0.9268293
B-B-TREATMENT	 1775	 343	 458	 0.8380548	 0.79489475	 0.8159044
B-B-STRENGTH	 81	 6	 20	 0.9310345	 0.8019802	 0.86170214
B-B-NAME	 35	 4	 24	 0.8974359	 0.59322035	 0.71428573
I-I-STRENGTH	 0	 0	 1	 0.0	 0.0	 0.0
B-I-PROBLEM	 1897	 376	 525	 0.8345798	 0.783237	 0.80809367
B-B-AGE	 67	 1	 24	 0.9852941	 0.73626375	 0.8427673
I-I-LOCATION	 7	 0	 4	 1.0	 0.6363636	 0.7777778
B-I-LOCATION	 19	 2	 8	 0.9047619	 0.7037037	 0.7916666
I-B-TEST	 0	 0	 2	 0.0	 0.0	 0.0
I-I-TEST	 342	 102	 220	 0.7702703	 0.60854095	 0.6799205
B-B-FORM	 34	 13	 13	 0.7234042	 0.7234042	 0.7234043
I-I-DRUG	 3	 0	 5	 1.0	 0.375	 0.54545456
I-I-DATE	 13	 12	 1	 0.52	 0.9285714	 0.6666666
I-I-NAME	 0	 0	 5	 0.0	 0.0	 0.0
B-I-DOSAGE	 10	 5	 12	 0.6666667	 0.45454547	 0.5405406
B-B-PROBLEM	 2864	 619	 526	 0.82227963	 0.8448378	 0.83340615
B-I-DRUG	 33	 3	 22	 0.9166667	 0.6	 0.72527474
B-I-PROFESSION	 1	 1	 5	 0.5	 0.16666667	 0.25
B-I-TEST	 497	 83	 200	 0.8568966	 0.71305597	 0.7783869
B-B-DRUG	 495	 116	 62	 0.8101473	 0.8886894	 0.8476028
I-I-TREATMENT	 1175	 415	 367	 0.7389937	 0.7619974	 0.7503193
B-B-ROUTE	 50	 4	 16	 0.9259259	 0.75757575	 0.83333325
B-I-AGE	 0	 0	 1	 0.0	 0.0	 0.0
I-I-FREQUENCY	 21	 15	 10	 0.5833333	 0.67741936	 0.6268656
B-I-DURATION	 3	 0	 9	 1.0	 0.25	 0.4
B-I-FREQUENCY	 26	 3	 4	 0.8965517	 0.8666667	 0.88135594
I-I-DURATION	 6	 0	 10	 1.0	 0.375	 0.54545456
B-B-TEST	 867	 175	 231	 0.8320537	 0.7896175	 0.8102804
B-B-DURATION	 3	 0	 8	 1.0	 0.27272728	 0.42857146
B-B-DATE	 128	 9	 12	 0.93430656	 0.9142857	 0.9241877
I-I-PROFESSION	 0	 0	 4	 0.0	 0.0	 0.0
B-I-DATE	 15	 2	 2	 0.88235295	 0.88235295	 0.88235295
B-B-DOSAGE	 18	 5	 22	 0.7826087	 0.45	 0.57142854
B-B-LOCATION	 31	 5	 18	 0.8611111	 0.63265306	 0.7294117
I-I-PROBLEM	 2287	 304	 1095	 0.88267076	 0.6762271	 0.7657793
B-B-FREQUENCY	 72	 10	 4	 0.8780488	 0.94736844	 0.9113924
I-I-DOSAGE	 2	 0	 0	 1.0	 1.0	 1.0
B-B-ID	 5	 0	 2	 1.0	 0.71428573	 0.8333334
B-B-CONTACT	 0	 0	 1	 0.0	 0.0	 0.0
B-I-TREATMENT	 1324	 268	 350	 0.8316583	 0.79091996	 0.8107777
tp: 14264 fp: 2906 fn: 4324 labels: 43
Macro-average	 prec: 0.7079426, rec: 0.5617774, f1: 0.62644696
Micro-average	 prec: 0.8307513, rec: 0.7673768, f1: 0.7978075


Epoch 6/10 started, lr: 0.0029268293, dataset size: 39915


Epoch 6/10 - 226.08s - loss: 5258.47 - avg training loss: 1.3182427 - batches: 3989
Quality on validation dataset (20.0%), validation examples = 7983
time to finish evaluation: 32.45s
Total validation loss: 1341.5773	Avg validation loss: 1.3362
label	 tp	 fp	 fn	 prec	 rec	 f1
B-B-PROFESSION	 2	 4	 5	 0.33333334	 0.2857143	 0.30769232
B-I-NAME	 0	 0	 6	 0.0	 0.0	 0.0
B-I-STRENGTH	 54	 5	 2	 0.91525424	 0.96428573	 0.9391304
B-B-TREATMENT	 1463	 406	 317	 0.7827715	 0.8219101	 0.80186355
B-B-STRENGTH	 89	 9	 9	 0.90816325	 0.90816325	 0.90816325
B-B-NAME	 24	 6	 22	 0.8	 0.5217391	 0.6315789
B-I-PROBLEM	 1665	 367	 423	 0.81938976	 0.79741377	 0.8082524
B-B-AGE	 62	 8	 12	 0.8857143	 0.8378378	 0.8611111
I-I-LOCATION	 11	 6	 4	 0.64705884	 0.73333335	 0.6875
B-I-LOCATION	 15	 4	 6	 0.7894737	 0.71428573	 0.75000006
I-B-TEST	 0	 0	 1	 0.0	 0.0	 0.0
I-I-TEST	 330	 71	 134	 0.8229426	 0.7112069	 0.7630058
B-B-FORM	 16	 7	 12	 0.6956522	 0.5714286	 0.627451
I-I-DRUG	 2	 1	 5	 0.6666667	 0.2857143	 0.4
I-I-DATE	 22	 10	 1	 0.6875	 0.95652175	 0.8
I-I-NAME	 0	 0	 10	 0.0	 0.0	 0.0
B-I-DOSAGE	 22	 15	 6	 0.5945946	 0.78571427	 0.6769231
B-I-ROUTE	 0	 0	 2	 0.0	 0.0	 0.0
B-B-PROBLEM	 2434	 426	 474	 0.85104895	 0.8370014	 0.8439667
B-I-DRUG	 29	 6	 16	 0.82857144	 0.64444447	 0.725
B-I-PROFESSION	 2	 4	 2	 0.33333334	 0.5	 0.4
B-I-TEST	 401	 64	 141	 0.8623656	 0.73985237	 0.79642504
B-B-DRUG	 347	 36	 92	 0.9060052	 0.7904328	 0.84428215
I-I-TREATMENT	 1013	 515	 242	 0.6629581	 0.8071713	 0.72799134
B-B-ROUTE	 46	 7	 12	 0.8679245	 0.79310346	 0.8288289
I-I-FREQUENCY	 10	 4	 13	 0.71428573	 0.4347826	 0.5405405
B-I-DURATION	 1	 2	 8	 0.33333334	 0.11111111	 0.16666667
B-I-FREQUENCY	 16	 4	 4	 0.8	 0.8	 0.8000001
I-I-DURATION	 1	 4	 5	 0.2	 0.16666667	 0.18181819
B-B-TEST	 640	 90	 164	 0.8767123	 0.7960199	 0.8344198
B-B-DURATION	 1	 2	 10	 0.33333334	 0.09090909	 0.14285715
B-B-DATE	 135	 14	 6	 0.90604025	 0.9574468	 0.9310345
I-I-PROFESSION	 0	 0	 1	 0.0	 0.0	 0.0
I-B-PROBLEM	 0	 0	 1	 0.0	 0.0	 0.0
B-I-DATE	 21	 1	 5	 0.95454544	 0.8076923	 0.87499994
B-B-DOSAGE	 28	 15	 12	 0.6511628	 0.7	 0.67469877
B-B-LOCATION	 24	 5	 13	 0.82758623	 0.6486486	 0.7272727
I-I-PROBLEM	 2095	 403	 768	 0.8386709	 0.7317499	 0.7815706
B-B-FREQUENCY	 59	 7	 4	 0.8939394	 0.93650794	 0.9147287
I-I-DOSAGE	 2	 0	 2	 1.0	 0.5	 0.6666667
B-B-ID	 0	 0	 3	 0.0	 0.0	 0.0
B-I-TREATMENT	 1140	 310	 243	 0.7862069	 0.824295	 0.80480057
tp: 12222 fp: 2838 fn: 3218 labels: 42
Macro-average	 prec: 0.6137273, rec: 0.5598359, f1: 0.58554417
Micro-average	 prec: 0.8115538, rec: 0.7915803, f1: 0.80144256
Quality on test dataset: 
time to finish evaluation: 39.78s
Total test loss: 1661.1683	Avg test loss: 1.3561
label	 tp	 fp	 fn	 prec	 rec	 f1
B-B-PROFESSION	 1	 3	 7	 0.25	 0.125	 0.16666667
B-I-NAME	 1	 0	 8	 1.0	 0.11111111	 0.19999999
B-I-STRENGTH	 58	 7	 4	 0.8923077	 0.9354839	 0.9133858
B-B-TREATMENT	 1812	 511	 421	 0.78002584	 0.81146437	 0.79543453
B-B-STRENGTH	 87	 14	 14	 0.8613861	 0.8613861	 0.8613861
B-B-NAME	 36	 8	 23	 0.8181818	 0.6101695	 0.6990291
I-I-STRENGTH	 0	 0	 1	 0.0	 0.0	 0.0
B-I-PROBLEM	 1907	 419	 515	 0.8198624	 0.7873658	 0.8032856
B-B-AGE	 75	 9	 16	 0.89285713	 0.82417583	 0.85714287
I-I-LOCATION	 9	 8	 2	 0.5294118	 0.8181818	 0.6428572
B-I-LOCATION	 18	 1	 9	 0.94736844	 0.6666667	 0.78260875
I-B-TEST	 0	 0	 2	 0.0	 0.0	 0.0
I-I-TEST	 359	 86	 203	 0.8067416	 0.63879	 0.71300894
B-B-FORM	 29	 0	 18	 1.0	 0.61702126	 0.76315784
I-I-DRUG	 3	 1	 5	 0.75	 0.375	 0.5
I-I-DATE	 13	 5	 1	 0.7222222	 0.9285714	 0.8125
I-I-NAME	 0	 2	 5	 0.0	 0.0	 0.0
B-I-DOSAGE	 15	 22	 7	 0.4054054	 0.6818182	 0.50847465
B-B-PROBLEM	 2824	 502	 566	 0.8490679	 0.83303833	 0.8409768
B-I-DRUG	 29	 3	 26	 0.90625	 0.5272727	 0.6666667
B-I-PROFESSION	 1	 3	 5	 0.25	 0.16666667	 0.2
B-I-TEST	 497	 70	 200	 0.8765432	 0.71305597	 0.78639245
B-B-DRUG	 424	 37	 133	 0.9197397	 0.7612208	 0.8330059
I-I-TREATMENT	 1234	 584	 308	 0.67876786	 0.8002594	 0.7345238
B-B-ROUTE	 57	 6	 9	 0.9047619	 0.8636364	 0.88372093
B-I-AGE	 0	 0	 1	 0.0	 0.0	 0.0
I-I-FREQUENCY	 17	 5	 14	 0.77272725	 0.5483871	 0.6415095
B-I-DURATION	 3	 6	 9	 0.33333334	 0.25	 0.28571427
B-I-FREQUENCY	 24	 2	 6	 0.9230769	 0.8	 0.85714287
I-I-DURATION	 5	 5	 11	 0.5	 0.3125	 0.3846154
B-B-TEST	 829	 113	 269	 0.88004243	 0.7550091	 0.8127451
B-B-DURATION	 3	 6	 8	 0.33333334	 0.27272728	 0.3
B-B-DATE	 134	 23	 6	 0.85350317	 0.95714283	 0.90235686
I-I-PROFESSION	 0	 0	 4	 0.0	 0.0	 0.0
B-I-DATE	 15	 1	 2	 0.9375	 0.88235295	 0.90909094
B-B-DOSAGE	 26	 23	 14	 0.53061223	 0.65	 0.58426964
B-B-LOCATION	 29	 5	 20	 0.85294116	 0.59183675	 0.69879514
I-I-PROBLEM	 2382	 536	 1000	 0.81631255	 0.704317	 0.7561905
B-B-FREQUENCY	 70	 5	 6	 0.93333334	 0.92105263	 0.92715234
I-I-DOSAGE	 2	 0	 0	 1.0	 1.0	 1.0
B-B-ID	 0	 1	 7	 0.0	 0.0	 0.0
B-B-CONTACT	 0	 0	 1	 0.0	 0.0	 0.0
B-I-TREATMENT	 1369	 383	 305	 0.7813927	 0.81780165	 0.7991828
tp: 14397 fp: 3415 fn: 4191 labels: 43
Macro-average	 prec: 0.6350933, rec: 0.5562903, f1: 0.59308565
Micro-average	 prec: 0.80827534, rec: 0.77453196, f1: 0.791044
Early stopping: test set macro F1 has not improved for more than 3 epochs
